16:52:19.603 [main] INFO  org.example.Main - The world's first unscientific calculator. Now with many many DevOp tools behind it
16:52:34.914 [main] INFO  org.example.Main - Executing squareRoot function!
17:02:38.164 [main] INFO  org.example.Main - Executing squareRoot function!
17:02:38.170 [main] INFO  org.example.Main - Executing squareRoot function!
17:02:38.172 [main] INFO  org.example.Main - Executing Factorial function!
17:02:38.172 [main] INFO  org.example.Main - Executing Factorial function!
17:02:38.179 [main] INFO  org.example.Main - Executing Power function!
17:02:38.179 [main] INFO  org.example.Main - Executing Power function!
17:02:38.180 [main] INFO  org.example.Main - Executing naturalLog function!
17:02:38.180 [main] INFO  org.example.Main - Executing naturalLog function!
17:20:08.890 [main] INFO  org.example.Main - The world's first unscientific calculator. Now with many many DevOp tools behind it
17:21:06.850 [main] INFO  org.example.Main - Executing squareRoot function!
17:21:06.854 [main] INFO  org.example.Main - Executing squareRoot function!
17:21:06.855 [main] INFO  org.example.Main - Executing Factorial function!
17:21:06.876 [main] INFO  org.example.Main - Executing Power function!
17:21:06.877 [main] INFO  org.example.Main - Executing Power function!
17:21:06.878 [main] INFO  org.example.Main - Executing naturalLog function!
17:21:06.879 [main] INFO  org.example.Main - Executing naturalLog function!
17:26:46.922 [main] INFO  org.example.Main - The world's first unscientific calculator. Now with many many DevOp tools behind it
17:27:03.999 [main] INFO  org.example.Main - Executing squareRoot function!
17:27:04.002 [main] INFO  org.example.Main - Executing squareRoot function!
17:27:04.005 [main] INFO  org.example.Main - Executing Factorial function!
17:27:04.007 [main] INFO  org.example.Main - Executing Power function!
17:27:04.007 [main] INFO  org.example.Main - Executing Power function!
17:27:04.009 [main] INFO  org.example.Main - Executing naturalLog function!
17:27:04.009 [main] INFO  org.example.Main - Executing naturalLog function!
17:49:52.531 [main] INFO  org.example.Main - The world's first unscientific calculator. Now with many many DevOp tools behind it
17:54:22.844 [main] INFO  org.example.Main - The world's first unscientific calculator. Now with many many DevOp tools behind it
17:54:27.857 [main] INFO  org.example.Main - Executing squareRoot function!
17:56:53.558 [main] INFO  org.example.Main - The world's first unscientific calculator. Now with many many DevOp tools behind it
17:57:01.232 [main] INFO  org.example.Main - Executing squareRoot function!
17:57:08.111 [main] INFO  org.example.Main - Executing Power function!
18:00:17.990 [main] INFO  org.example.Main - The world's first unscientific calculator. Now with many many DevOp tools behind it
18:00:24.214 [main] INFO  org.example.Main - Executing squareRoot function!
18:03:47.436 [main] INFO  org.example.Main - Executing squareRoot function!
18:03:47.447 [main] INFO  org.example.Main - Executing squareRoot function!
18:03:47.450 [main] INFO  org.example.Main - Executing Factorial function!
18:03:47.452 [main] INFO  org.example.Main - Executing Power function!
18:03:47.453 [main] INFO  org.example.Main - Executing Power function!
18:03:47.454 [main] INFO  org.example.Main - Executing naturalLog function!
18:03:47.455 [main] INFO  org.example.Main - Executing naturalLog function!
18:06:34.563 [main] INFO  org.example.Main - The world's first unscientific calculator. Now with many many DevOp tools behind it
